<?xml version="1.0" encoding="UTF-8" ?>
<testsuite errors="4" failures="0" hostname="Ninja.local" name="http.core.HttpDispatcherTest" tests="7" time="0.035" timestamp="2011-02-06T15:24:40">
  <properties>
    <property name="java.runtime.name" value="Java(TM) SE Runtime Environment" />
    <property name="sun.boot.library.path" value="/System/Library/Java/JavaVirtualMachines/1.6.0.jdk/Contents/Libraries" />
    <property name="java.vm.version" value="17.1-b03-307" />
    <property name="awt.nativeDoubleBuffering" value="true" />
    <property name="gopherProxySet" value="false" />
    <property name="ant.version" value="Apache Ant version 1.8.0 compiled on February 1 2010" />
    <property name="mrj.build" value="10M3261" />
    <property name="ant.java.version" value="1.6" />
    <property name="java.vm.vendor" value="Apple Inc." />
    <property name="java.vendor.url" value="http://www.apple.com/" />
    <property name="path.separator" value=":" />
    <property name="java.vm.name" value="Java HotSpot(TM) 64-Bit Server VM" />
    <property name="file.encoding.pkg" value="sun.io" />
    <property name="user.country" value="US" />
    <property name="sun.java.launcher" value="SUN_STANDARD" />
    <property name="sun.os.patch.level" value="unknown" />
    <property name="java.vm.specification.name" value="Java Virtual Machine Specification" />
    <property name="user.dir" value="/Users/alexis/Desktop/Dev/IndividualProject/ors" />
    <property name="java.runtime.version" value="1.6.0_22-b04-307-10M3261" />
    <property name="java.awt.graphicsenv" value="apple.awt.CGraphicsEnvironment" />
    <property name="basedir" value="/Users/alexis/Desktop/Dev/IndividualProject/ors" />
    <property name="java.endorsed.dirs" value="/System/Library/Java/JavaVirtualMachines/1.6.0.jdk/Contents/Home/lib/endorsed" />
    <property name="os.arch" value="x86_64" />
    <property name="ant.project.default-target" value="" />
    <property name="java.io.tmpdir" value="/var/folders/wn/wnFyMPSiHF82GQu1Z5C-cE+++TI/-Tmp-/" />
    <property name="ant.core.lib" value="/Users/alexis/.m2/repository/org/apache/ant/ant/1.8.0/ant-1.8.0.jar" />
    <property name="line.separator" value="
" />
    <property name="java.vm.specification.vendor" value="Sun Microsystems Inc." />
    <property name="os.name" value="Mac OS X" />
    <property name="ant.project.name" value="junit" />
    <property name="sun.jnu.encoding" value="MacRoman" />
    <property name="java.library.path" value=".:/Library/Java/Extensions:/System/Library/Java/Extensions:/usr/lib/java" />
    <property name="java.specification.name" value="Java Platform API Specification" />
    <property name="java.class.version" value="50.0" />
    <property name="sun.management.compiler" value="HotSpot 64-Bit Server Compiler" />
    <property name="os.version" value="10.6.6" />
    <property name="http.nonProxyHosts" value="local|*.local|169.254/16|*.169.254/16" />
    <property name="user.home" value="/Users/alexis" />
    <property name="user.timezone" value="" />
    <property name="java.awt.printerjob" value="apple.awt.CPrinterJob" />
    <property name="file.encoding" value="MacRoman" />
    <property name="java.specification.version" value="1.6" />
    <property name="user.name" value="alexis" />
    <property name="java.class.path" value="/Users/alexis/Desktop/Dev/IndividualProject/ors/target/test/classes:/Users/alexis/Desktop/Dev/IndividualProject/ors/target/classes:/Users/alexis/Desktop/Dev/IndividualProject/ors/target/resources:/Users/alexis/.m2/repository/com/google/code/morphia/0.98/morphia-0.98.jar:/Users/alexis/.m2/repository/org/mongodb/mongo-java-driver/2.4/mongo-java-driver-2.4.jar:/Users/alexis/.m2/repository/easymock/easymock/2.0/easymock-2.0.jar:/Users/alexis/.m2/repository/org/objenesis/objenesis/1.2/objenesis-1.2.jar:/Users/alexis/.m2/repository/cglib/cglib-nodep/2.2/cglib-nodep-2.2.jar:/Users/alexis/.m2/repository/proxytoys/proxytoys/0.2.1/proxytoys-0.2.1.jar:/Users/alexis/.m2/repository/junit/junit/4.7/junit-4.7.jar:/Users/alexis/.m2/repository/org/jmock/jmock/2.5.1/jmock-2.5.1.jar:/Users/alexis/.m2/repository/org/jmock/jmock-junit4/2.5.1/jmock-junit4-2.5.1.jar:/Users/alexis/.m2/repository/org/hamcrest/hamcrest-core/1.1/hamcrest-core-1.1.jar:/Users/alexis/.m2/repository/org/hamcrest/hamcrest-library/1.1/hamcrest-library-1.1.jar:/Users/alexis/.m2/repository/org/apache/ant/ant-launcher/1.8.0/ant-launcher-1.8.0.jar:/Users/alexis/.m2/repository/org/apache/ant/ant/1.8.0/ant-1.8.0.jar:/Users/alexis/.m2/repository/org/apache/ant/ant-junit/1.8.0/ant-junit-1.8.0.jar" />
    <property name="java.vm.specification.version" value="1.0" />
    <property name="java.home" value="/System/Library/Java/JavaVirtualMachines/1.6.0.jdk/Contents/Home" />
    <property name="sun.arch.data.model" value="64" />
    <property name="java.specification.vendor" value="Sun Microsystems Inc." />
    <property name="user.language" value="en" />
    <property name="awt.toolkit" value="apple.awt.CToolkit" />
    <property name="java.vm.info" value="mixed mode" />
    <property name="java.version" value="1.6.0_22" />
    <property name="java.ext.dirs" value="/Library/Java/Extensions:/System/Library/Java/Extensions:/System/Library/Java/JavaVirtualMachines/1.6.0.jdk/Contents/Home/lib/ext" />
    <property name="sun.boot.class.path" value="/System/Library/Java/JavaVirtualMachines/1.6.0.jdk/Contents/Classes/jsfd.jar:/System/Library/Java/JavaVirtualMachines/1.6.0.jdk/Contents/Classes/classes.jar:/System/Library/Frameworks/JavaVM.framework/Frameworks/JavaRuntimeSupport.framework/Resources/Java/JavaRuntimeSupport.jar:/System/Library/Java/JavaVirtualMachines/1.6.0.jdk/Contents/Classes/ui.jar:/System/Library/Java/JavaVirtualMachines/1.6.0.jdk/Contents/Classes/laf.jar:/System/Library/Java/JavaVirtualMachines/1.6.0.jdk/Contents/Classes/sunrsasign.jar:/System/Library/Java/JavaVirtualMachines/1.6.0.jdk/Contents/Classes/jsse.jar:/System/Library/Java/JavaVirtualMachines/1.6.0.jdk/Contents/Classes/jce.jar:/System/Library/Java/JavaVirtualMachines/1.6.0.jdk/Contents/Classes/charsets.jar" />
    <property name="java.vendor" value="Apple Inc." />
    <property name="file.separator" value="/" />
    <property name="java.vendor.url.bug" value="http://bugreport.apple.com/" />
    <property name="sun.io.unicode.encoding" value="UnicodeLittle" />
    <property name="sun.cpu.endian" value="little" />
    <property name="mrj.version" value="1060.1.6.0_22-307" />
    <property name="baseDir" value="/Users/alexis/Desktop/Dev/IndividualProject/ors/target/test/classes" />
    <property name="socksNonProxyHosts" value="local|*.local|169.254/16|*.169.254/16" />
    <property name="ftp.nonProxyHosts" value="local|*.local|169.254/16|*.169.254/16" />
    <property name="sun.cpu.isalist" value="" />
  </properties>
  <testcase classname="http.core.HttpDispatcherTest" name="testExistingGETHandlerDispatch" time="0.0030" />
  <testcase classname="http.core.HttpDispatcherTest" name="testExistingPOSTHandlerDispatch" time="0.0020" />
  <testcase classname="http.core.HttpDispatcherTest" name="testNotExistingGETHandlerDispatch" time="0.0070">
    <error message="Handler not recognized." type="http.exception.HttpRouteErrorException">http.exception.HttpRouteErrorException: Handler not recognized.
	at http.core.HttpDispatcher.route(HttpDispatcher.java:50)
	at http.core.HttpDispatcherTest.testNotExistingGETHandlerDispatch(HttpDispatcherTest.java:110)
</error>
  </testcase>
  <testcase classname="http.core.HttpDispatcherTest" name="testNotExistingPOSTHandlerDispatch" time="0.0030">
    <error message="Handler not recognized." type="http.exception.HttpRouteErrorException">http.exception.HttpRouteErrorException: Handler not recognized.
	at http.core.HttpDispatcher.route(HttpDispatcher.java:50)
	at http.core.HttpDispatcherTest.testNotExistingPOSTHandlerDispatch(HttpDispatcherTest.java:120)
</error>
  </testcase>
  <testcase classname="http.core.HttpDispatcherTest" name="testNullRequest" time="0.0030">
    <error message="Received null HTTP request." type="http.exception.HttpRouteErrorException">http.exception.HttpRouteErrorException: Received null HTTP request.
	at http.core.HttpDispatcher.route(HttpDispatcher.java:44)
	at http.core.HttpDispatcherTest.testNullRequest(HttpDispatcherTest.java:130)
</error>
  </testcase>
  <testcase classname="http.core.HttpDispatcherTest" name="testExistingMethodDispatch" time="0.0" />
  <testcase classname="http.core.HttpDispatcherTest" name="testNotExistingMethodDispatch" time="0.01">
    <error message="Method not recognized." type="http.exception.HttpRouteErrorException">http.exception.HttpRouteErrorException: Method not recognized.
	at http.core.HttpDispatcher._route(HttpDispatcher.java:66)
	at http.core.HttpDispatcher.route(HttpDispatcher.java:48)
	at http.core.HttpDispatcherTest.testNotExistingMethodDispatch(HttpDispatcherTest.java:165)
</error>
  </testcase>
  <system-out><![CDATA[]]></system-out>
  <system-err><![CDATA[]]></system-err>
</testsuite>
